<?xml version="1.0" encoding="UTF-8"?>
<!-- Generated by org.testng.reporters.JUnitXMLReporter -->
<testsuite ignored="0" hostname="Nagesh-24731" failures="0" tests="7" name="check" time="2.164" errors="0" timestamp="2021-10-25T12:13:57 IST">
  <testcase classname="testcases.Checkout" name="excelR" time="0.82"/>
  <testcase classname="testcases.Checkout" name="BillingAddress" time="0.05"/>
  <testcase classname="testcases.Checkout" name="ShippingAddress" time="0.001"/>
  <testcase classname="testcases.Checkout" name="ShippingMethod" time="0.003"/>
  <testcase classname="testcases.Checkout" name="PaymentMethod" time="0.001"/>
  <testcase classname="testcases.Checkout" name="PaymentInfomation" time="0.001"/>
  <testcase classname="testcases.Checkout" name="ConfirmOrder" time="0.001"/>
</testsuite> <!-- check -->
