<?xml version="1.0" encoding="UTF-8"?>
<testng-results ignored="0" total="22" passed="22" failed="0" skipped="0">
  <reporter-output>
  </reporter-output>
  <suite started-at="2021-10-25T12:13:10 IST" name="Suite" finished-at="2021-10-25T12:14:06 IST" duration-ms="56427">
    <groups>
    </groups>
    <test started-at="2021-10-25T12:13:10 IST" name="baseclass" finished-at="2021-10-25T12:13:10 IST" duration-ms="12">
    </test> <!-- baseclass -->
    <test started-at="2021-10-25T12:13:10 IST" name="loginpage" finished-at="2021-10-25T12:13:35 IST" duration-ms="25141">
      <class name="testcases.LoginPage">
        <test-method is-config="true" signature="setup()[pri:0, instance:testcases.LoginPage@193f604a]" started-at="2021-10-25T12:13:10 IST" name="setup" finished-at="2021-10-25T12:13:27 IST" duration-ms="16868" status="PASS">
          <reporter-output>
          </reporter-output>
        </test-method> <!-- setup -->
        <test-method signature="ClickLoginLink()[pri:1, instance:testcases.LoginPage@193f604a]" started-at="2021-10-25T12:13:27 IST" name="ClickLoginLink" finished-at="2021-10-25T12:13:30 IST" duration-ms="2899" status="PASS">
          <reporter-output>
          </reporter-output>
        </test-method> <!-- ClickLoginLink -->
        <test-method is-config="true" signature="setup()[pri:0, instance:testcases.LoginPage@193f604a]" started-at="2021-10-25T12:13:30 IST" name="setup" finished-at="2021-10-25T12:13:30 IST" duration-ms="0" status="PASS">
          <reporter-output>
          </reporter-output>
        </test-method> <!-- setup -->
        <test-method signature="EnterValidCredentials()[pri:2, instance:testcases.LoginPage@193f604a]" started-at="2021-10-25T12:13:30 IST" name="EnterValidCredentials" finished-at="2021-10-25T12:13:35 IST" duration-ms="5343" status="PASS">
          <reporter-output>
          </reporter-output>
        </test-method> <!-- EnterValidCredentials -->
      </class> <!-- testcases.LoginPage -->
    </test> <!-- loginpage -->
    <test started-at="2021-10-25T12:13:35 IST" name="cleardata" finished-at="2021-10-25T12:13:39 IST" duration-ms="4021">
      <class name="testcases.ClearShoppingCart">
        <test-method is-config="true" signature="setup()[pri:0, instance:testcases.ClearShoppingCart@212b5695]" started-at="2021-10-25T12:13:35 IST" name="setup" finished-at="2021-10-25T12:13:35 IST" duration-ms="1" status="PASS">
          <reporter-output>
          </reporter-output>
        </test-method> <!-- setup -->
        <test-method signature="clearaddtocart()[pri:0, instance:testcases.ClearShoppingCart@212b5695]" started-at="2021-10-25T12:13:35 IST" name="clearaddtocart" finished-at="2021-10-25T12:13:39 IST" duration-ms="4011" status="PASS">
          <reporter-output>
          </reporter-output>
        </test-method> <!-- clearaddtocart -->
      </class> <!-- testcases.ClearShoppingCart -->
    </test> <!-- cleardata -->
    <test started-at="2021-10-25T12:13:39 IST" name="selectitems" finished-at="2021-10-25T12:13:44 IST" duration-ms="5181">
      <class name="testcases.SelectBooks">
        <test-method is-config="true" signature="setup()[pri:0, instance:testcases.SelectBooks@50b5ac82]" started-at="2021-10-25T12:13:39 IST" name="setup" finished-at="2021-10-25T12:13:39 IST" duration-ms="0" status="PASS">
          <reporter-output>
          </reporter-output>
        </test-method> <!-- setup -->
        <test-method signature="SelectBooksAddtocart()[pri:0, instance:testcases.SelectBooks@50b5ac82]" started-at="2021-10-25T12:13:39 IST" name="SelectBooksAddtocart" finished-at="2021-10-25T12:13:44 IST" duration-ms="5174" status="PASS">
          <reporter-output>
          </reporter-output>
        </test-method> <!-- SelectBooksAddtocart -->
      </class> <!-- testcases.SelectBooks -->
    </test> <!-- selectitems -->
    <test started-at="2021-10-25T12:13:44 IST" name="gotocarts" finished-at="2021-10-25T12:13:48 IST" duration-ms="3334">
      <class name="testcases.GoToCart">
        <test-method is-config="true" signature="setup()[pri:0, instance:testcases.GoToCart@2b48a640]" started-at="2021-10-25T12:13:44 IST" name="setup" finished-at="2021-10-25T12:13:44 IST" duration-ms="0" status="PASS">
          <reporter-output>
          </reporter-output>
        </test-method> <!-- setup -->
        <test-method signature="addtocart()[pri:1, instance:testcases.GoToCart@2b48a640]" started-at="2021-10-25T12:13:44 IST" name="addtocart" finished-at="2021-10-25T12:13:47 IST" duration-ms="2241" status="PASS">
          <reporter-output>
          </reporter-output>
        </test-method> <!-- addtocart -->
        <test-method is-config="true" signature="setup()[pri:0, instance:testcases.GoToCart@2b48a640]" started-at="2021-10-25T12:13:47 IST" name="setup" finished-at="2021-10-25T12:13:47 IST" duration-ms="0" status="PASS">
          <reporter-output>
          </reporter-output>
        </test-method> <!-- setup -->
        <test-method signature="clickgotocart()[pri:2, instance:testcases.GoToCart@2b48a640]" started-at="2021-10-25T12:13:47 IST" name="clickgotocart" finished-at="2021-10-25T12:13:48 IST" duration-ms="1083" status="PASS">
          <reporter-output>
          </reporter-output>
        </test-method> <!-- clickgotocart -->
      </class> <!-- testcases.GoToCart -->
    </test> <!-- gotocarts -->
    <test started-at="2021-10-25T12:13:48 IST" name="checkout" finished-at="2021-10-25T12:13:55 IST" duration-ms="7196">
      <class name="testcases.BillingAddress">
        <test-method signature="checkout()[pri:1, instance:testcases.BillingAddress@3e84448c]" started-at="2021-10-25T12:13:48 IST" name="checkout" finished-at="2021-10-25T12:13:53 IST" duration-ms="5723" status="PASS">
          <reporter-output>
          </reporter-output>
        </test-method> <!-- checkout -->
        <test-method is-config="true" signature="setup()[pri:0, instance:testcases.BillingAddress@3e84448c]" started-at="2021-10-25T12:13:48 IST" name="setup" finished-at="2021-10-25T12:13:48 IST" duration-ms="0" status="PASS">
          <reporter-output>
          </reporter-output>
        </test-method> <!-- setup -->
        <test-method is-config="true" signature="setup()[pri:0, instance:testcases.BillingAddress@3e84448c]" started-at="2021-10-25T12:13:53 IST" name="setup" finished-at="2021-10-25T12:13:53 IST" duration-ms="1" status="PASS">
          <reporter-output>
          </reporter-output>
        </test-method> <!-- setup -->
        <test-method signature="BillingAddressdropdown()[pri:2, instance:testcases.BillingAddress@3e84448c]" started-at="2021-10-25T12:13:53 IST" name="BillingAddressdropdown" finished-at="2021-10-25T12:13:55 IST" duration-ms="1465" status="PASS">
          <reporter-output>
          </reporter-output>
        </test-method> <!-- BillingAddressdropdown -->
      </class> <!-- testcases.BillingAddress -->
    </test> <!-- checkout -->
    <test started-at="2021-10-25T12:13:55 IST" name="check" finished-at="2021-10-25T12:13:57 IST" duration-ms="2164">
      <class name="testcases.Checkout">
        <test-method signature="excelR(java.lang.String, java.lang.String, java.lang.String, java.lang.String, java.lang.String, java.lang.String, java.lang.String, java.lang.String)[pri:0, instance:testcases.Checkout@383bfa16]" started-at="2021-10-25T12:13:56 IST" name="excelR" data-provider="LoginData1" finished-at="2021-10-25T12:13:57 IST" duration-ms="820" status="PASS">
          <params>
            <param index="0">
              <value>
                <![CDATA[prasad]]>
              </value>
            </param>
            <param index="1">
              <value>
                <![CDATA[test]]>
              </value>
            </param>
            <param index="2">
              <value>
                <![CDATA[abc123@gmail.com]]>
              </value>
            </param>
            <param index="3">
              <value>
                <![CDATA[andhrapradhes]]>
              </value>
            </param>
            <param index="4">
              <value>
                <![CDATA[door no:1234]]>
              </value>
            </param>
            <param index="5">
              <value>
                <![CDATA[testnew]]>
              </value>
            </param>
            <param index="6">
              <value>
                <![CDATA[12345]]>
              </value>
            </param>
            <param index="7">
              <value>
                <![CDATA[9876543211]]>
              </value>
            </param>
          </params>
          <reporter-output>
          </reporter-output>
        </test-method> <!-- excelR -->
        <test-method is-config="true" signature="setup()[pri:0, instance:testcases.Checkout@383bfa16]" started-at="2021-10-25T12:13:56 IST" name="setup" finished-at="2021-10-25T12:13:56 IST" duration-ms="0" status="PASS">
          <reporter-output>
          </reporter-output>
        </test-method> <!-- setup -->
        <test-method is-config="true" signature="setup()[pri:0, instance:testcases.Checkout@383bfa16]" started-at="2021-10-25T12:13:57 IST" name="setup" finished-at="2021-10-25T12:13:57 IST" duration-ms="0" status="PASS">
          <reporter-output>
          </reporter-output>
        </test-method> <!-- setup -->
        <test-method signature="BillingAddress()[pri:1, instance:testcases.Checkout@383bfa16]" started-at="2021-10-25T12:13:57 IST" name="BillingAddress" finished-at="2021-10-25T12:13:57 IST" duration-ms="50" status="PASS">
          <reporter-output>
          </reporter-output>
        </test-method> <!-- BillingAddress -->
        <test-method signature="ShippingAddress()[pri:2, instance:testcases.Checkout@383bfa16]" started-at="2021-10-25T12:13:57 IST" name="ShippingAddress" finished-at="2021-10-25T12:13:57 IST" duration-ms="1" status="PASS">
          <reporter-output>
          </reporter-output>
        </test-method> <!-- ShippingAddress -->
        <test-method is-config="true" signature="setup()[pri:0, instance:testcases.Checkout@383bfa16]" started-at="2021-10-25T12:13:57 IST" name="setup" finished-at="2021-10-25T12:13:57 IST" duration-ms="0" status="PASS">
          <reporter-output>
          </reporter-output>
        </test-method> <!-- setup -->
        <test-method is-config="true" signature="setup()[pri:0, instance:testcases.Checkout@383bfa16]" started-at="2021-10-25T12:13:57 IST" name="setup" finished-at="2021-10-25T12:13:57 IST" duration-ms="1" status="PASS">
          <reporter-output>
          </reporter-output>
        </test-method> <!-- setup -->
        <test-method signature="ShippingMethod()[pri:3, instance:testcases.Checkout@383bfa16]" started-at="2021-10-25T12:13:57 IST" name="ShippingMethod" finished-at="2021-10-25T12:13:57 IST" duration-ms="3" status="PASS">
          <reporter-output>
          </reporter-output>
        </test-method> <!-- ShippingMethod -->
        <test-method signature="PaymentMethod()[pri:4, instance:testcases.Checkout@383bfa16]" started-at="2021-10-25T12:13:57 IST" name="PaymentMethod" finished-at="2021-10-25T12:13:57 IST" duration-ms="1" status="PASS">
          <reporter-output>
          </reporter-output>
        </test-method> <!-- PaymentMethod -->
        <test-method is-config="true" signature="setup()[pri:0, instance:testcases.Checkout@383bfa16]" started-at="2021-10-25T12:13:57 IST" name="setup" finished-at="2021-10-25T12:13:57 IST" duration-ms="0" status="PASS">
          <reporter-output>
          </reporter-output>
        </test-method> <!-- setup -->
        <test-method is-config="true" signature="setup()[pri:0, instance:testcases.Checkout@383bfa16]" started-at="2021-10-25T12:13:57 IST" name="setup" finished-at="2021-10-25T12:13:57 IST" duration-ms="0" status="PASS">
          <reporter-output>
          </reporter-output>
        </test-method> <!-- setup -->
        <test-method signature="PaymentInfomation()[pri:5, instance:testcases.Checkout@383bfa16]" started-at="2021-10-25T12:13:57 IST" name="PaymentInfomation" finished-at="2021-10-25T12:13:57 IST" duration-ms="1" status="PASS">
          <reporter-output>
          </reporter-output>
        </test-method> <!-- PaymentInfomation -->
        <test-method is-config="true" signature="setup()[pri:0, instance:testcases.Checkout@383bfa16]" started-at="2021-10-25T12:13:57 IST" name="setup" finished-at="2021-10-25T12:13:57 IST" duration-ms="0" status="PASS">
          <reporter-output>
          </reporter-output>
        </test-method> <!-- setup -->
        <test-method signature="ConfirmOrder()[pri:6, instance:testcases.Checkout@383bfa16]" started-at="2021-10-25T12:13:57 IST" name="ConfirmOrder" finished-at="2021-10-25T12:13:57 IST" duration-ms="1" status="PASS">
          <reporter-output>
          </reporter-output>
        </test-method> <!-- ConfirmOrder -->
      </class> <!-- testcases.Checkout -->
    </test> <!-- check -->
    <test started-at="2021-10-25T12:13:57 IST" name="shippingAddress1" finished-at="2021-10-25T12:13:59 IST" duration-ms="2032">
      <class name="testcases.ShippingAddress1">
        <test-method is-config="true" signature="setup()[pri:0, instance:testcases.ShippingAddress1@47faa49c]" started-at="2021-10-25T12:13:57 IST" name="setup" finished-at="2021-10-25T12:13:57 IST" duration-ms="1" status="PASS">
          <reporter-output>
          </reporter-output>
        </test-method> <!-- setup -->
        <test-method signature="shippingadd()[pri:0, instance:testcases.ShippingAddress1@47faa49c]" started-at="2021-10-25T12:13:57 IST" name="shippingadd" finished-at="2021-10-25T12:13:59 IST" duration-ms="2027" status="PASS">
          <reporter-output>
          </reporter-output>
        </test-method> <!-- shippingadd -->
      </class> <!-- testcases.ShippingAddress1 -->
    </test> <!-- shippingAddress1 -->
    <test started-at="2021-10-25T12:13:59 IST" name="shippingmetod" finished-at="2021-10-25T12:14:00 IST" duration-ms="538">
      <class name="testcases.ShippingMethod1">
        <test-method signature="next()[pri:0, instance:testcases.ShippingMethod1@2fb3536e]" started-at="2021-10-25T12:13:59 IST" name="next" finished-at="2021-10-25T12:14:00 IST" duration-ms="532" status="PASS">
          <reporter-output>
          </reporter-output>
        </test-method> <!-- next -->
        <test-method is-config="true" signature="setup()[pri:0, instance:testcases.ShippingMethod1@2fb3536e]" started-at="2021-10-25T12:13:59 IST" name="setup" finished-at="2021-10-25T12:13:59 IST" duration-ms="0" status="PASS">
          <reporter-output>
          </reporter-output>
        </test-method> <!-- setup -->
      </class> <!-- testcases.ShippingMethod1 -->
    </test> <!-- shippingmetod -->
    <test started-at="2021-10-25T12:14:00 IST" name="paymetmetod" finished-at="2021-10-25T12:14:00 IST" duration-ms="550">
      <class name="testcases.PaymentMethod1">
        <test-method signature="payment()[pri:0, instance:testcases.PaymentMethod1@611889f4]" started-at="2021-10-25T12:14:00 IST" name="payment" finished-at="2021-10-25T12:14:00 IST" duration-ms="547" status="PASS">
          <reporter-output>
          </reporter-output>
        </test-method> <!-- payment -->
        <test-method is-config="true" signature="setup()[pri:0, instance:testcases.PaymentMethod1@611889f4]" started-at="2021-10-25T12:14:00 IST" name="setup" finished-at="2021-10-25T12:14:00 IST" duration-ms="0" status="PASS">
          <reporter-output>
          </reporter-output>
        </test-method> <!-- setup -->
      </class> <!-- testcases.PaymentMethod1 -->
    </test> <!-- paymetmetod -->
    <test started-at="2021-10-25T12:14:00 IST" name="paymentInfo" finished-at="2021-10-25T12:14:01 IST" duration-ms="499">
      <class name="testcases.PaymentInfo1">
        <test-method signature="payment()[pri:0, instance:testcases.PaymentInfo1@6cd28fa7]" started-at="2021-10-25T12:14:00 IST" name="payment" finished-at="2021-10-25T12:14:01 IST" duration-ms="495" status="PASS">
          <reporter-output>
          </reporter-output>
        </test-method> <!-- payment -->
        <test-method is-config="true" signature="setup()[pri:0, instance:testcases.PaymentInfo1@6cd28fa7]" started-at="2021-10-25T12:14:00 IST" name="setup" finished-at="2021-10-25T12:14:00 IST" duration-ms="0" status="PASS">
          <reporter-output>
          </reporter-output>
        </test-method> <!-- setup -->
      </class> <!-- testcases.PaymentInfo1 -->
    </test> <!-- paymentInfo -->
    <test started-at="2021-10-25T12:14:01 IST" name="confrmOrder" finished-at="2021-10-25T12:14:03 IST" duration-ms="2441">
      <class name="testcases.ConfrmOrder1">
        <test-method is-config="true" signature="setup()[pri:0, instance:testcases.ConfrmOrder1@58695725]" started-at="2021-10-25T12:14:01 IST" name="setup" finished-at="2021-10-25T12:14:01 IST" duration-ms="0" status="PASS">
          <reporter-output>
          </reporter-output>
        </test-method> <!-- setup -->
        <test-method signature="payment()[pri:0, instance:testcases.ConfrmOrder1@58695725]" started-at="2021-10-25T12:14:01 IST" name="payment" finished-at="2021-10-25T12:14:03 IST" duration-ms="2440" status="PASS">
          <reporter-output>
          </reporter-output>
        </test-method> <!-- payment -->
      </class> <!-- testcases.ConfrmOrder1 -->
    </test> <!-- confrmOrder -->
    <test started-at="2021-10-25T12:14:03 IST" name="successfullyProcessed" finished-at="2021-10-25T12:14:05 IST" duration-ms="1372">
      <class name="testcases.SuccessfullyProcessed">
        <test-method is-config="true" signature="setup()[pri:0, instance:testcases.SuccessfullyProcessed@7bd4937b]" started-at="2021-10-25T12:14:03 IST" name="setup" finished-at="2021-10-25T12:14:03 IST" duration-ms="0" status="PASS">
          <reporter-output>
          </reporter-output>
        </test-method> <!-- setup -->
        <test-method signature="payment()[pri:0, instance:testcases.SuccessfullyProcessed@7bd4937b]" started-at="2021-10-25T12:14:03 IST" name="payment" finished-at="2021-10-25T12:14:05 IST" duration-ms="1370" status="PASS">
          <reporter-output>
          </reporter-output>
        </test-method> <!-- payment -->
      </class> <!-- testcases.SuccessfullyProcessed -->
    </test> <!-- successfullyProcessed -->
    <test started-at="2021-10-25T12:14:05 IST" name="logout" finished-at="2021-10-25T12:14:06 IST" duration-ms="1409">
      <class name="testcases.Logout">
        <test-method is-config="true" signature="BeforeSuite()[pri:0, instance:testcases.Logout@6fd83fc1]" started-at="2021-10-25T12:13:09 IST" name="BeforeSuite" finished-at="2021-10-25T12:13:10 IST" duration-ms="250" status="PASS">
          <reporter-output>
          </reporter-output>
        </test-method> <!-- BeforeSuite -->
        <test-method is-config="true" signature="setup()[pri:0, instance:testcases.Logout@6fd83fc1]" started-at="2021-10-25T12:14:05 IST" name="setup" finished-at="2021-10-25T12:14:05 IST" duration-ms="0" status="PASS">
          <reporter-output>
          </reporter-output>
        </test-method> <!-- setup -->
        <test-method signature="payment()[pri:0, instance:testcases.Logout@6fd83fc1]" started-at="2021-10-25T12:14:05 IST" name="payment" finished-at="2021-10-25T12:14:06 IST" duration-ms="1406" status="PASS">
          <reporter-output>
          </reporter-output>
        </test-method> <!-- payment -->
        <test-method is-config="true" signature="AfterSuite()[pri:0, instance:testcases.Logout@6fd83fc1]" started-at="2021-10-25T12:14:06 IST" name="AfterSuite" finished-at="2021-10-25T12:14:06 IST" duration-ms="99" status="PASS">
          <reporter-output>
          </reporter-output>
        </test-method> <!-- AfterSuite -->
        <test-method is-config="true" signature="tearDown()[pri:0, instance:testcases.Logout@6fd83fc1]" started-at="2021-10-25T12:14:06 IST" name="tearDown" finished-at="2021-10-25T12:14:07 IST" duration-ms="1184" status="FAIL">
          <exception class="org.openqa.selenium.NoSuchSessionException">
            <message>
              <![CDATA[Session ID is null. Using WebDriver after calling quit()?
Build info: version: '3.141.59', revision: 'e82be7d358', time: '2018-11-14T08:17:03'
System info: host: 'NAGESH-24731', ip: '192.168.43.97', os.name: 'Windows 10', os.arch: 'amd64', os.version: '10.0', java.version: '15.0.2'
Driver info: driver.version: RemoteWebDriver]]>
            </message>
            <full-stacktrace>
              <![CDATA[org.openqa.selenium.NoSuchSessionException: Session ID is null. Using WebDriver after calling quit()?
Build info: version: '3.141.59', revision: 'e82be7d358', time: '2018-11-14T08:17:03'
System info: host: 'NAGESH-24731', ip: '192.168.43.97', os.name: 'Windows 10', os.arch: 'amd64', os.version: '10.0', java.version: '15.0.2'
Driver info: driver.version: RemoteWebDriver
at org.openqa.selenium.remote.HttpCommandExecutor.execute(HttpCommandExecutor.java:125)
at org.openqa.selenium.remote.service.DriverCommandExecutor.execute(DriverCommandExecutor.java:83)
at org.openqa.selenium.remote.RemoteWebDriver.execute(RemoteWebDriver.java:552)
at org.openqa.selenium.remote.RemoteWebDriver.execute(RemoteWebDriver.java:609)
at org.openqa.selenium.remote.RemoteWebDriver.close(RemoteWebDriver.java:442)
at baseclass.baseclass.tearDown(baseclass.java:116)
at java.base/jdk.internal.reflect.NativeMethodAccessorImpl.invoke0(Native Method)
at java.base/jdk.internal.reflect.NativeMethodAccessorImpl.invoke(NativeMethodAccessorImpl.java:64)
at java.base/jdk.internal.reflect.DelegatingMethodAccessorImpl.invoke(DelegatingMethodAccessorImpl.java:43)
at java.base/java.lang.reflect.Method.invoke(Method.java:564)
at org.testng.internal.MethodInvocationHelper.invokeMethod(MethodInvocationHelper.java:134)
at org.testng.internal.MethodInvocationHelper.invokeMethodConsideringTimeout(MethodInvocationHelper.java:63)
at org.testng.internal.ConfigInvoker.invokeConfigurationMethod(ConfigInvoker.java:348)
at org.testng.internal.ConfigInvoker.invokeConfigurations(ConfigInvoker.java:302)
at org.testng.SuiteRunner.privateRun(SuiteRunner.java:351)
at org.testng.SuiteRunner.run(SuiteRunner.java:286)
at org.testng.SuiteRunnerWorker.runSuite(SuiteRunnerWorker.java:53)
at org.testng.SuiteRunnerWorker.run(SuiteRunnerWorker.java:96)
at org.testng.TestNG.runSuitesSequentially(TestNG.java:1187)
at org.testng.TestNG.runSuitesLocally(TestNG.java:1109)
at org.testng.TestNG.runSuites(TestNG.java:1039)
at org.testng.TestNG.run(TestNG.java:1007)
at org.testng.remote.AbstractRemoteTestNG.run(AbstractRemoteTestNG.java:115)
at org.testng.remote.RemoteTestNG.initAndRun(RemoteTestNG.java:251)
at org.testng.remote.RemoteTestNG.main(RemoteTestNG.java:77)
]]>
            </full-stacktrace>
          </exception> <!-- org.openqa.selenium.NoSuchSessionException -->
          <reporter-output>
          </reporter-output>
        </test-method> <!-- tearDown -->
      </class> <!-- testcases.Logout -->
    </test> <!-- logout -->
  </suite> <!-- Suite -->
</testng-results>
